{
 "cells": [
  {
   "cell_type": "code",
   "execution_count": 1,
   "id": "6f0b1049",
   "metadata": {},
   "outputs": [],
   "source": [
    "import pandas as pd\n",
    "import mysql.connector\n",
    "import sqlalchemy"
   ]
  },
  {
   "cell_type": "code",
   "execution_count": 9,
   "id": "36130364",
   "metadata": {},
   "outputs": [],
   "source": [
    "cnx = mysql.connector.connect(user='root', password='password', \n",
    "                              host='127.0.0.1', database='otus_db', port='3306')"
   ]
  },
  {
   "cell_type": "code",
   "execution_count": 10,
   "id": "5775d77b",
   "metadata": {},
   "outputs": [],
   "source": [
    "cur = cnx.cursor()"
   ]
  },
  {
   "cell_type": "markdown",
   "id": "59900ab0",
   "metadata": {},
   "source": [
    "### В этом запросе мы выбираем имена, фамилии, email 10 клиентов,подсчитываем общее количество посещений и покупок для каждого клиента, сумму потраченных ими денег. Запрос также включает подзапрос, который выбирает клиентов имеющих больше 2 посещений."
   ]
  },
  {
   "cell_type": "code",
   "execution_count": 99,
   "id": "b0ee53d4",
   "metadata": {
    "scrolled": false
   },
   "outputs": [
    {
     "name": "stderr",
     "output_type": "stream",
     "text": [
      "/Users/denis/opt/anaconda3/lib/python3.9/site-packages/pandas/io/sql.py:761: UserWarning: pandas only support SQLAlchemy connectable(engine/connection) ordatabase string URI or sqlite3 DBAPI2 connectionother DBAPI2 objects are not tested, please consider using SQLAlchemy\n",
      "  warnings.warn(\n"
     ]
    },
    {
     "data": {
      "text/html": [
       "<div>\n",
       "<style scoped>\n",
       "    .dataframe tbody tr th:only-of-type {\n",
       "        vertical-align: middle;\n",
       "    }\n",
       "\n",
       "    .dataframe tbody tr th {\n",
       "        vertical-align: top;\n",
       "    }\n",
       "\n",
       "    .dataframe thead th {\n",
       "        text-align: right;\n",
       "    }\n",
       "</style>\n",
       "<table border=\"1\" class=\"dataframe\">\n",
       "  <thead>\n",
       "    <tr style=\"text-align: right;\">\n",
       "      <th></th>\n",
       "      <th>first_name</th>\n",
       "      <th>last_name</th>\n",
       "      <th>email</th>\n",
       "      <th>total_visits</th>\n",
       "      <th>total_purchases</th>\n",
       "      <th>total_spent</th>\n",
       "    </tr>\n",
       "  </thead>\n",
       "  <tbody>\n",
       "    <tr>\n",
       "      <th>0</th>\n",
       "      <td>Иван</td>\n",
       "      <td>Сидоров</td>\n",
       "      <td>user350@example.com</td>\n",
       "      <td>11</td>\n",
       "      <td>5</td>\n",
       "      <td>44680.02</td>\n",
       "    </tr>\n",
       "    <tr>\n",
       "      <th>1</th>\n",
       "      <td>Алексей</td>\n",
       "      <td>Сидоров</td>\n",
       "      <td>user269@example.com</td>\n",
       "      <td>15</td>\n",
       "      <td>4</td>\n",
       "      <td>41746.80</td>\n",
       "    </tr>\n",
       "    <tr>\n",
       "      <th>2</th>\n",
       "      <td>Алексей</td>\n",
       "      <td>Петров</td>\n",
       "      <td>user35@example.com</td>\n",
       "      <td>10</td>\n",
       "      <td>6</td>\n",
       "      <td>40880.60</td>\n",
       "    </tr>\n",
       "    <tr>\n",
       "      <th>3</th>\n",
       "      <td>Алексей</td>\n",
       "      <td>Петров</td>\n",
       "      <td>user230@example.com</td>\n",
       "      <td>7</td>\n",
       "      <td>7</td>\n",
       "      <td>36403.22</td>\n",
       "    </tr>\n",
       "    <tr>\n",
       "      <th>4</th>\n",
       "      <td>Иван</td>\n",
       "      <td>Петров</td>\n",
       "      <td>user883@example.com</td>\n",
       "      <td>10</td>\n",
       "      <td>6</td>\n",
       "      <td>35700.90</td>\n",
       "    </tr>\n",
       "    <tr>\n",
       "      <th>5</th>\n",
       "      <td>Иван</td>\n",
       "      <td>Петров</td>\n",
       "      <td>user906@example.com</td>\n",
       "      <td>10</td>\n",
       "      <td>7</td>\n",
       "      <td>35154.40</td>\n",
       "    </tr>\n",
       "    <tr>\n",
       "      <th>6</th>\n",
       "      <td>Иван</td>\n",
       "      <td>Сидоров</td>\n",
       "      <td>user673@example.com</td>\n",
       "      <td>11</td>\n",
       "      <td>4</td>\n",
       "      <td>32263.33</td>\n",
       "    </tr>\n",
       "    <tr>\n",
       "      <th>7</th>\n",
       "      <td>Алексей</td>\n",
       "      <td>Петров</td>\n",
       "      <td>user839@example.com</td>\n",
       "      <td>10</td>\n",
       "      <td>8</td>\n",
       "      <td>32035.00</td>\n",
       "    </tr>\n",
       "    <tr>\n",
       "      <th>8</th>\n",
       "      <td>Алексей</td>\n",
       "      <td>Сидоров</td>\n",
       "      <td>user87@example.com</td>\n",
       "      <td>7</td>\n",
       "      <td>6</td>\n",
       "      <td>29563.17</td>\n",
       "    </tr>\n",
       "    <tr>\n",
       "      <th>9</th>\n",
       "      <td>Алексей</td>\n",
       "      <td>Сидоров</td>\n",
       "      <td>user13@example.com</td>\n",
       "      <td>9</td>\n",
       "      <td>5</td>\n",
       "      <td>29231.55</td>\n",
       "    </tr>\n",
       "  </tbody>\n",
       "</table>\n",
       "</div>"
      ],
      "text/plain": [
       "  first_name last_name                email  total_visits  total_purchases  \\\n",
       "0       Иван   Сидоров  user350@example.com            11                5   \n",
       "1    Алексей   Сидоров  user269@example.com            15                4   \n",
       "2    Алексей    Петров   user35@example.com            10                6   \n",
       "3    Алексей    Петров  user230@example.com             7                7   \n",
       "4       Иван    Петров  user883@example.com            10                6   \n",
       "5       Иван    Петров  user906@example.com            10                7   \n",
       "6       Иван   Сидоров  user673@example.com            11                4   \n",
       "7    Алексей    Петров  user839@example.com            10                8   \n",
       "8    Алексей   Сидоров   user87@example.com             7                6   \n",
       "9    Алексей   Сидоров   user13@example.com             9                5   \n",
       "\n",
       "   total_spent  \n",
       "0     44680.02  \n",
       "1     41746.80  \n",
       "2     40880.60  \n",
       "3     36403.22  \n",
       "4     35700.90  \n",
       "5     35154.40  \n",
       "6     32263.33  \n",
       "7     32035.00  \n",
       "8     29563.17  \n",
       "9     29231.55  "
      ]
     },
     "execution_count": 99,
     "metadata": {},
     "output_type": "execute_result"
    }
   ],
   "source": [
    "query = f'''\n",
    "SELECT\n",
    "  ci.first_name,\n",
    "  ci.last_name,\n",
    "  ci.email,\n",
    "  COUNT(DISTINCT wv.id) AS total_visits,\n",
    "  COUNT(DISTINCT p.id) AS total_purchases,\n",
    "  SUM(p.price) AS total_spent\n",
    "FROM\n",
    "  contact_info AS ci\n",
    "  LEFT JOIN website_visits AS wv ON ci.id = wv.client_id\n",
    "  LEFT JOIN purchases AS p ON ci.id = p.client_id\n",
    "WHERE\n",
    "  ci.id IN (\n",
    "      SELECT client_id as cnt FROM website_visits group by client_id having count(*) > 2\n",
    "    ) \n",
    "GROUP BY\n",
    "  ci.id\n",
    "  having total_spent > 0\n",
    "ORDER BY\n",
    "  total_spent DESC\n",
    "  limit 10;\n",
    "\n",
    "        '''\n",
    "df = pd.read_sql_query(query, cnx)\n",
    "df"
   ]
  },
  {
   "cell_type": "markdown",
   "id": "76c7fd71",
   "metadata": {},
   "source": [
    "### Команда EXPLAIN\n",
    "\n",
    "#### Выражение EXPLAIN предоставляет информацию о том, как MySQL выполняет запрос. Оно работает с выражениями SELECT, UPDATE, INSERT, DELETE и REPLACE."
   ]
  },
  {
   "cell_type": "code",
   "execution_count": 82,
   "id": "97fd0ab2",
   "metadata": {},
   "outputs": [
    {
     "name": "stderr",
     "output_type": "stream",
     "text": [
      "/Users/denis/opt/anaconda3/lib/python3.9/site-packages/pandas/io/sql.py:761: UserWarning: pandas only support SQLAlchemy connectable(engine/connection) ordatabase string URI or sqlite3 DBAPI2 connectionother DBAPI2 objects are not tested, please consider using SQLAlchemy\n",
      "  warnings.warn(\n"
     ]
    },
    {
     "data": {
      "text/html": [
       "<div>\n",
       "<style scoped>\n",
       "    .dataframe tbody tr th:only-of-type {\n",
       "        vertical-align: middle;\n",
       "    }\n",
       "\n",
       "    .dataframe tbody tr th {\n",
       "        vertical-align: top;\n",
       "    }\n",
       "\n",
       "    .dataframe thead th {\n",
       "        text-align: right;\n",
       "    }\n",
       "</style>\n",
       "<table border=\"1\" class=\"dataframe\">\n",
       "  <thead>\n",
       "    <tr style=\"text-align: right;\">\n",
       "      <th></th>\n",
       "      <th>id</th>\n",
       "      <th>select_type</th>\n",
       "      <th>table</th>\n",
       "      <th>partitions</th>\n",
       "      <th>type</th>\n",
       "      <th>possible_keys</th>\n",
       "      <th>key</th>\n",
       "      <th>key_len</th>\n",
       "      <th>ref</th>\n",
       "      <th>rows</th>\n",
       "      <th>filtered</th>\n",
       "      <th>Extra</th>\n",
       "    </tr>\n",
       "  </thead>\n",
       "  <tbody>\n",
       "    <tr>\n",
       "      <th>0</th>\n",
       "      <td>1</td>\n",
       "      <td>PRIMARY</td>\n",
       "      <td>ci</td>\n",
       "      <td>None</td>\n",
       "      <td>index</td>\n",
       "      <td>PRIMARY</td>\n",
       "      <td>PRIMARY</td>\n",
       "      <td>4</td>\n",
       "      <td>None</td>\n",
       "      <td>3000</td>\n",
       "      <td>100.0</td>\n",
       "      <td>Using where; Using temporary; Using filesort</td>\n",
       "    </tr>\n",
       "    <tr>\n",
       "      <th>1</th>\n",
       "      <td>1</td>\n",
       "      <td>PRIMARY</td>\n",
       "      <td>wv</td>\n",
       "      <td>None</td>\n",
       "      <td>ref</td>\n",
       "      <td>client_id</td>\n",
       "      <td>client_id</td>\n",
       "      <td>5</td>\n",
       "      <td>otus_db.ci.id</td>\n",
       "      <td>1</td>\n",
       "      <td>100.0</td>\n",
       "      <td>Using index</td>\n",
       "    </tr>\n",
       "    <tr>\n",
       "      <th>2</th>\n",
       "      <td>1</td>\n",
       "      <td>PRIMARY</td>\n",
       "      <td>p</td>\n",
       "      <td>None</td>\n",
       "      <td>ref</td>\n",
       "      <td>client_id</td>\n",
       "      <td>client_id</td>\n",
       "      <td>5</td>\n",
       "      <td>otus_db.ci.id</td>\n",
       "      <td>1</td>\n",
       "      <td>100.0</td>\n",
       "      <td>None</td>\n",
       "    </tr>\n",
       "    <tr>\n",
       "      <th>3</th>\n",
       "      <td>2</td>\n",
       "      <td>SUBQUERY</td>\n",
       "      <td>website_visits</td>\n",
       "      <td>None</td>\n",
       "      <td>index</td>\n",
       "      <td>client_id</td>\n",
       "      <td>client_id</td>\n",
       "      <td>5</td>\n",
       "      <td>None</td>\n",
       "      <td>5000</td>\n",
       "      <td>100.0</td>\n",
       "      <td>Using index</td>\n",
       "    </tr>\n",
       "  </tbody>\n",
       "</table>\n",
       "</div>"
      ],
      "text/plain": [
       "   id select_type           table partitions   type possible_keys        key  \\\n",
       "0   1     PRIMARY              ci       None  index       PRIMARY    PRIMARY   \n",
       "1   1     PRIMARY              wv       None    ref     client_id  client_id   \n",
       "2   1     PRIMARY               p       None    ref     client_id  client_id   \n",
       "3   2    SUBQUERY  website_visits       None  index     client_id  client_id   \n",
       "\n",
       "  key_len            ref  rows  filtered  \\\n",
       "0       4           None  3000     100.0   \n",
       "1       5  otus_db.ci.id     1     100.0   \n",
       "2       5  otus_db.ci.id     1     100.0   \n",
       "3       5           None  5000     100.0   \n",
       "\n",
       "                                          Extra  \n",
       "0  Using where; Using temporary; Using filesort  \n",
       "1                                   Using index  \n",
       "2                                          None  \n",
       "3                                   Using index  "
      ]
     },
     "execution_count": 82,
     "metadata": {},
     "output_type": "execute_result"
    }
   ],
   "source": [
    "query = f'''\n",
    "EXPLAIN\n",
    "SELECT\n",
    "  ci.first_name,\n",
    "  ci.last_name,\n",
    "  ci.email,\n",
    "  COUNT(DISTINCT wv.id) AS total_visits,\n",
    "  COUNT(DISTINCT p.id) AS total_purchases,\n",
    "  SUM(p.price) AS total_spent\n",
    "FROM\n",
    "  contact_info AS ci\n",
    "  LEFT JOIN website_visits AS wv ON ci.id = wv.client_id\n",
    "  LEFT JOIN purchases AS p ON ci.id = p.client_id\n",
    "WHERE\n",
    "  ci.id IN (\n",
    "      SELECT client_id as cnt FROM website_visits group by client_id having count(*) > 2\n",
    "    ) \n",
    "GROUP BY\n",
    "  ci.id\n",
    "  having total_spent > 0\n",
    "ORDER BY\n",
    "  total_spent DESC\n",
    "  limit 10;\n",
    "\n",
    "        '''\n",
    "df = pd.read_sql_query(query, cnx)\n",
    "df"
   ]
  },
  {
   "cell_type": "markdown",
   "id": "403340d5",
   "metadata": {},
   "source": [
    "### SHOW WARNINGS\n",
    "#### содержит специальные маркеры, которые не являются допустимым SQL -выражением."
   ]
  },
  {
   "cell_type": "code",
   "execution_count": 73,
   "id": "144cf242",
   "metadata": {},
   "outputs": [
    {
     "name": "stdout",
     "output_type": "stream",
     "text": [
      "/* select#1 */ select `otus_db`.`ci`.`first_name` AS `first_name`,`otus_db`.`ci`.`last_name` AS `last_name`,`otus_db`.`ci`.`email` AS `email`,count(distinct `otus_db`.`wv`.`id`) AS `total_visits`,count(distinct `otus_db`.`p`.`id`) AS `total_purchases`,sum(`otus_db`.`p`.`price`) AS `total_spent` from `otus_db`.`contact_info` `ci` left join `otus_db`.`website_visits` `wv` on((`otus_db`.`wv`.`client_id` = `otus_db`.`ci`.`id`)) left join `otus_db`.`purchases` `p` on((`otus_db`.`p`.`client_id` = `otus_db`.`ci`.`id`)) where <in_optimizer>(`otus_db`.`ci`.`id`,`otus_db`.`ci`.`id` in ( <materialize> (/* select#2 */ select `otus_db`.`website_visits`.`client_id` AS `cnt` from `otus_db`.`website_visits` group by `otus_db`.`website_visits`.`client_id` having (count(0) > 2) ), <primary_index_lookup>(`otus_db`.`ci`.`id` in <temporary table> on <auto_distinct_key> where ((`otus_db`.`ci`.`id` = `<materialized_subquery>`.`cnt`))))) group by `otus_db`.`ci`.`id` having (`total_spent` > 0) order by `total_spent` desc limit 10\n"
     ]
    },
    {
     "name": "stderr",
     "output_type": "stream",
     "text": [
      "/Users/denis/opt/anaconda3/lib/python3.9/site-packages/pandas/io/sql.py:761: UserWarning: pandas only support SQLAlchemy connectable(engine/connection) ordatabase string URI or sqlite3 DBAPI2 connectionother DBAPI2 objects are not tested, please consider using SQLAlchemy\n",
      "  warnings.warn(\n"
     ]
    }
   ],
   "source": [
    "query = f'''\n",
    "SHOW WARNINGS;\n",
    "        '''\n",
    "df = pd.read_sql_query(query, cnx)\n",
    "for i in df['Message']:\n",
    "    print(i)"
   ]
  },
  {
   "cell_type": "markdown",
   "id": "98a3313a",
   "metadata": {},
   "source": [
    "### EXPLAIN FORMAT = TREE \n",
    "#### позволяют читать план выполнения и информацию о стоимости запроса без использования SHOW WARNINGS."
   ]
  },
  {
   "cell_type": "code",
   "execution_count": 76,
   "id": "a2144885",
   "metadata": {},
   "outputs": [
    {
     "name": "stdout",
     "output_type": "stream",
     "text": [
      "-> Limit: 10 row(s)\n",
      "    -> Sort: total_spent DESC\n",
      "        -> Filter: (total_spent > 0)\n",
      "            -> Stream results  (cost=3637.12 rows=3000)\n",
      "                -> Group aggregate: count(distinct wv.id), count(distinct p.id), sum(p.price)  (cost=3637.12 rows=3000)\n",
      "                    -> Nested loop left join  (cost=3167.64 rows=4695)\n",
      "                        -> Nested loop left join  (cost=1524.45 rows=4695)\n",
      "                            -> Filter: <in_optimizer>(ci.id,ci.id in (select #2))  (cost=304.50 rows=3000)\n",
      "                                -> Index scan on ci using PRIMARY  (cost=304.50 rows=3000)\n",
      "                                -> Select #2 (subquery in condition; run only once)\n",
      "                                    -> Filter: ((ci.id = `<materialized_subquery>`.cnt))  (cost=1322.85..1322.85 rows=1)\n",
      "                                        -> Limit: 1 row(s)  (cost=1322.75..1322.75 rows=1)\n",
      "                                            -> Index lookup on <materialized_subquery> using <auto_distinct_key> (cnt=ci.id)\n",
      "                                                -> Materialize with deduplication  (cost=1322.75..1322.75 rows=3195)\n",
      "                                                    -> Filter: (count(0) > 2)  (cost=1003.25 rows=3195)\n",
      "                                                        -> Group aggregate: count(0)  (cost=1003.25 rows=3195)\n",
      "                                                            -> Index scan on website_visits using client_id  (cost=503.25 rows=5000)\n",
      "                            -> Covering index lookup on wv using client_id (client_id=ci.id)  (cost=0.25 rows=2)\n",
      "                        -> Index lookup on p using client_id (client_id=ci.id)  (cost=0.25 rows=1)\n",
      "\n"
     ]
    },
    {
     "name": "stderr",
     "output_type": "stream",
     "text": [
      "/Users/denis/opt/anaconda3/lib/python3.9/site-packages/pandas/io/sql.py:761: UserWarning: pandas only support SQLAlchemy connectable(engine/connection) ordatabase string URI or sqlite3 DBAPI2 connectionother DBAPI2 objects are not tested, please consider using SQLAlchemy\n",
      "  warnings.warn(\n"
     ]
    }
   ],
   "source": [
    "query = f'''\n",
    "EXPLAIN FORMAT = TREE \n",
    "SELECT\n",
    "  ci.first_name,\n",
    "  ci.last_name,\n",
    "  ci.email,\n",
    "  COUNT(DISTINCT wv.id) AS total_visits,\n",
    "  COUNT(DISTINCT p.id) AS total_purchases,\n",
    "  SUM(p.price) AS total_spent\n",
    "FROM\n",
    "  contact_info AS ci\n",
    "  LEFT JOIN website_visits AS wv ON ci.id = wv.client_id\n",
    "  LEFT JOIN purchases AS p ON ci.id = p.client_id\n",
    "WHERE\n",
    "  ci.id IN (\n",
    "      SELECT client_id as cnt FROM website_visits group by client_id having count(*) > 2\n",
    "    ) \n",
    "GROUP BY\n",
    "  ci.id\n",
    "  having total_spent > 0\n",
    "ORDER BY\n",
    "  total_spent DESC\n",
    "  limit 10;\n",
    "\n",
    "        '''\n",
    "df = pd.read_sql_query(query, cnx)\n",
    "for i in df['EXPLAIN']:\n",
    "    print(i)"
   ]
  },
  {
   "cell_type": "markdown",
   "id": "f19a4427",
   "metadata": {},
   "source": [
    "#### Еще более подробную информацию можно получить, заменив FORMAT = TREE на выражение ANALYZE, которое предоставляет MySQL с версии 8.0.18."
   ]
  },
  {
   "cell_type": "code",
   "execution_count": 106,
   "id": "1daf9d0c",
   "metadata": {},
   "outputs": [
    {
     "name": "stdout",
     "output_type": "stream",
     "text": [
      "-> Limit: 10 row(s)  (actual time=42.513..42.514 rows=10 loops=1)\n",
      "    -> Sort: total_spent DESC  (actual time=42.512..42.513 rows=10 loops=1)\n",
      "        -> Filter: (total_spent > 0)  (actual time=5.161..41.919 rows=831 loops=1)\n",
      "            -> Stream results  (cost=25842.42 rows=3000) (actual time=5.159..41.774 rows=869 loops=1)\n",
      "                -> Group aggregate: count(distinct wv.id), count(distinct p.id), sum(p.price)  (cost=25842.42 rows=3000) (actual time=5.153..41.224 rows=869 loops=1)\n",
      "                    -> Nested loop left join  (cost=21072.19 rows=47702) (actual time=5.070..37.236 rows=14821 loops=1)\n",
      "                        -> Nested loop left join  (cost=4376.37 rows=15106) (actual time=4.963..15.678 rows=4790 loops=1)\n",
      "                            -> Filter: <in_optimizer>(ci.id,ci.id in (select #2))  (cost=304.50 rows=3000) (actual time=4.942..8.970 rows=869 loops=1)\n",
      "                                -> Index scan on ci using PRIMARY  (cost=304.50 rows=3000) (actual time=0.318..1.668 rows=3000 loops=1)\n",
      "                                -> Select #2 (subquery in condition; run only once)\n",
      "                                    -> Filter: ((ci.id = `<materialized_subquery>`.cnt))  (cost=1102.65..1102.65 rows=1) (actual time=0.002..0.002 rows=0 loops=3001)\n",
      "                                        -> Limit: 1 row(s)  (cost=1102.55..1102.55 rows=1) (actual time=0.002..0.002 rows=0 loops=3001)\n",
      "                                            -> Index lookup on <materialized_subquery> using <auto_distinct_key> (cnt=ci.id)  (actual time=0.002..0.002 rows=0 loops=3001)\n",
      "                                                -> Materialize with deduplication  (cost=1102.55..1102.55 rows=993) (actual time=4.593..4.593 rows=869 loops=1)\n",
      "                                                    -> Filter: (count(0) > 2)  (cost=1003.25 rows=993) (actual time=0.613..4.366 rows=869 loops=1)\n",
      "                                                        -> Group aggregate: count(0)  (cost=1003.25 rows=993) (actual time=0.611..4.290 rows=993 loops=1)\n",
      "                                                            -> Covering index scan on website_visits using idx_cl_id_w  (cost=503.25 rows=5000) (actual time=0.608..3.942 rows=5000 loops=1)\n",
      "                            -> Covering index lookup on wv using idx_cl_id_w (client_id=ci.id)  (cost=0.85 rows=5) (actual time=0.006..0.007 rows=6 loops=869)\n",
      "                        -> Index lookup on p using idx_cl_id_p (client_id=ci.id)  (cost=0.79 rows=3) (actual time=0.003..0.004 rows=3 loops=4790)\n",
      "\n"
     ]
    },
    {
     "name": "stderr",
     "output_type": "stream",
     "text": [
      "/Users/denis/opt/anaconda3/lib/python3.9/site-packages/pandas/io/sql.py:761: UserWarning: pandas only support SQLAlchemy connectable(engine/connection) ordatabase string URI or sqlite3 DBAPI2 connectionother DBAPI2 objects are not tested, please consider using SQLAlchemy\n",
      "  warnings.warn(\n"
     ]
    }
   ],
   "source": [
    "query = f'''\n",
    "EXPLAIN ANALYZE \n",
    "SELECT\n",
    "  ci.first_name,\n",
    "  ci.last_name,\n",
    "  ci.email,\n",
    "  COUNT(DISTINCT wv.id) AS total_visits,\n",
    "  COUNT(DISTINCT p.id) AS total_purchases,\n",
    "  SUM(p.price) AS total_spent\n",
    "FROM\n",
    "  contact_info AS ci\n",
    "  LEFT JOIN website_visits AS wv ON ci.id = wv.client_id\n",
    "  LEFT JOIN purchases AS p ON ci.id = p.client_id\n",
    "WHERE\n",
    "  ci.id IN (\n",
    "      SELECT client_id as cnt FROM website_visits group by client_id having count(*) > 2\n",
    "    ) \n",
    "GROUP BY\n",
    "  ci.id\n",
    "  having total_spent > 0\n",
    "ORDER BY\n",
    "  total_spent DESC\n",
    "  limit 10;\n",
    "\n",
    "        '''\n",
    "df = pd.read_sql_query(query, cnx)\n",
    "for i in df['EXPLAIN']:\n",
    "    print(i)"
   ]
  },
  {
   "cell_type": "markdown",
   "id": "1d01c6a9",
   "metadata": {},
   "source": [
    "#### Оптимизация"
   ]
  },
  {
   "cell_type": "markdown",
   "id": "e907c912",
   "metadata": {},
   "source": [
    "#### Для таблиц contact_info, website_visits и purchases должны быть индексы на столбцы, используемые для соединения таблиц (ci.id, wv.client_id и p.client_id соответственно). Индексы помогают ускорить выполнение запроса, особенно при больших объемах данных."
   ]
  },
  {
   "cell_type": "markdown",
   "id": "69f8f147",
   "metadata": {},
   "source": [
    "#### Чем меньше значение rows  и чем больше значение filtered,- тем лучше. Однако, если значение rows слишком велико и filtered стремится к 100 %  - это очень плохо."
   ]
  },
  {
   "cell_type": "code",
   "execution_count": 97,
   "id": "a501d1f3",
   "metadata": {},
   "outputs": [],
   "source": [
    "cur.execute('''\n",
    "CREATE INDEX idx_cl_id_w\n",
    "    ON website_visits (client_id);\n",
    "            ''')\n",
    "\n",
    "cur.execute('''\n",
    "CREATE INDEX idx_cl_id_p\n",
    "    ON purchases (client_id);\n",
    "            ''')"
   ]
  },
  {
   "cell_type": "code",
   "execution_count": 98,
   "id": "c7743532",
   "metadata": {},
   "outputs": [
    {
     "name": "stderr",
     "output_type": "stream",
     "text": [
      "/Users/denis/opt/anaconda3/lib/python3.9/site-packages/pandas/io/sql.py:761: UserWarning: pandas only support SQLAlchemy connectable(engine/connection) ordatabase string URI or sqlite3 DBAPI2 connectionother DBAPI2 objects are not tested, please consider using SQLAlchemy\n",
      "  warnings.warn(\n"
     ]
    },
    {
     "data": {
      "text/html": [
       "<div>\n",
       "<style scoped>\n",
       "    .dataframe tbody tr th:only-of-type {\n",
       "        vertical-align: middle;\n",
       "    }\n",
       "\n",
       "    .dataframe tbody tr th {\n",
       "        vertical-align: top;\n",
       "    }\n",
       "\n",
       "    .dataframe thead th {\n",
       "        text-align: right;\n",
       "    }\n",
       "</style>\n",
       "<table border=\"1\" class=\"dataframe\">\n",
       "  <thead>\n",
       "    <tr style=\"text-align: right;\">\n",
       "      <th></th>\n",
       "      <th>id</th>\n",
       "      <th>select_type</th>\n",
       "      <th>table</th>\n",
       "      <th>partitions</th>\n",
       "      <th>type</th>\n",
       "      <th>possible_keys</th>\n",
       "      <th>key</th>\n",
       "      <th>key_len</th>\n",
       "      <th>ref</th>\n",
       "      <th>rows</th>\n",
       "      <th>filtered</th>\n",
       "      <th>Extra</th>\n",
       "    </tr>\n",
       "  </thead>\n",
       "  <tbody>\n",
       "    <tr>\n",
       "      <th>0</th>\n",
       "      <td>1</td>\n",
       "      <td>PRIMARY</td>\n",
       "      <td>&lt;derived2&gt;</td>\n",
       "      <td>None</td>\n",
       "      <td>ALL</td>\n",
       "      <td>None</td>\n",
       "      <td>None</td>\n",
       "      <td>None</td>\n",
       "      <td>None</td>\n",
       "      <td>5000</td>\n",
       "      <td>100.00</td>\n",
       "      <td>Using where; Using temporary; Using filesort</td>\n",
       "    </tr>\n",
       "    <tr>\n",
       "      <th>1</th>\n",
       "      <td>1</td>\n",
       "      <td>PRIMARY</td>\n",
       "      <td>ci</td>\n",
       "      <td>None</td>\n",
       "      <td>eq_ref</td>\n",
       "      <td>PRIMARY</td>\n",
       "      <td>PRIMARY</td>\n",
       "      <td>4</td>\n",
       "      <td>wv2.client_id</td>\n",
       "      <td>1</td>\n",
       "      <td>100.00</td>\n",
       "      <td>None</td>\n",
       "    </tr>\n",
       "    <tr>\n",
       "      <th>2</th>\n",
       "      <td>1</td>\n",
       "      <td>PRIMARY</td>\n",
       "      <td>p</td>\n",
       "      <td>None</td>\n",
       "      <td>ref</td>\n",
       "      <td>idx_cl_id_p</td>\n",
       "      <td>idx_cl_id_p</td>\n",
       "      <td>5</td>\n",
       "      <td>wv2.client_id</td>\n",
       "      <td>3</td>\n",
       "      <td>33.33</td>\n",
       "      <td>Using where</td>\n",
       "    </tr>\n",
       "    <tr>\n",
       "      <th>3</th>\n",
       "      <td>1</td>\n",
       "      <td>PRIMARY</td>\n",
       "      <td>wv</td>\n",
       "      <td>None</td>\n",
       "      <td>ref</td>\n",
       "      <td>idx_cl_id_w</td>\n",
       "      <td>idx_cl_id_w</td>\n",
       "      <td>5</td>\n",
       "      <td>wv2.client_id</td>\n",
       "      <td>5</td>\n",
       "      <td>100.00</td>\n",
       "      <td>Using index</td>\n",
       "    </tr>\n",
       "    <tr>\n",
       "      <th>4</th>\n",
       "      <td>2</td>\n",
       "      <td>DERIVED</td>\n",
       "      <td>website_visits</td>\n",
       "      <td>None</td>\n",
       "      <td>index</td>\n",
       "      <td>idx_cl_id_w</td>\n",
       "      <td>idx_cl_id_w</td>\n",
       "      <td>5</td>\n",
       "      <td>None</td>\n",
       "      <td>5000</td>\n",
       "      <td>100.00</td>\n",
       "      <td>Using index</td>\n",
       "    </tr>\n",
       "  </tbody>\n",
       "</table>\n",
       "</div>"
      ],
      "text/plain": [
       "   id select_type           table partitions    type possible_keys  \\\n",
       "0   1     PRIMARY      <derived2>       None     ALL          None   \n",
       "1   1     PRIMARY              ci       None  eq_ref       PRIMARY   \n",
       "2   1     PRIMARY               p       None     ref   idx_cl_id_p   \n",
       "3   1     PRIMARY              wv       None     ref   idx_cl_id_w   \n",
       "4   2     DERIVED  website_visits       None   index   idx_cl_id_w   \n",
       "\n",
       "           key key_len            ref  rows  filtered  \\\n",
       "0         None    None           None  5000    100.00   \n",
       "1      PRIMARY       4  wv2.client_id     1    100.00   \n",
       "2  idx_cl_id_p       5  wv2.client_id     3     33.33   \n",
       "3  idx_cl_id_w       5  wv2.client_id     5    100.00   \n",
       "4  idx_cl_id_w       5           None  5000    100.00   \n",
       "\n",
       "                                          Extra  \n",
       "0  Using where; Using temporary; Using filesort  \n",
       "1                                          None  \n",
       "2                                   Using where  \n",
       "3                                   Using index  \n",
       "4                                   Using index  "
      ]
     },
     "execution_count": 98,
     "metadata": {},
     "output_type": "execute_result"
    }
   ],
   "source": [
    "query = f'''\n",
    "EXPLAIN\n",
    "SELECT ci.first_name,\n",
    "       ci.last_name,\n",
    "       ci.email,\n",
    "       COUNT(DISTINCT wv.id) AS total_visits,\n",
    "       COUNT(DISTINCT p.id) AS total_purchases,\n",
    "       SUM(p.price) AS total_spent\n",
    "FROM contact_info AS ci\n",
    "LEFT JOIN website_visits AS wv ON ci.id = wv.client_id\n",
    "LEFT JOIN purchases AS p ON ci.id = p.client_id\n",
    "INNER JOIN (\n",
    "  SELECT client_id\n",
    "  FROM website_visits\n",
    "  GROUP BY client_id\n",
    "  HAVING COUNT(*) > 2\n",
    ") AS wv2 ON ci.id = wv2.client_id\n",
    "WHERE p.price > 0\n",
    "GROUP BY ci.id\n",
    "ORDER BY total_spent DESC\n",
    "LIMIT 10;\n",
    "\n",
    "        '''\n",
    "df = pd.read_sql_query(query, cnx)\n",
    "df"
   ]
  },
  {
   "cell_type": "code",
   "execution_count": 113,
   "id": "983c2710",
   "metadata": {},
   "outputs": [
    {
     "name": "stdout",
     "output_type": "stream",
     "text": [
      "-> Limit: 10 row(s)  (actual time=39.276..39.278 rows=10 loops=1)\n",
      "    -> Sort: total_spent DESC  (actual time=39.275..39.277 rows=10 loops=1)\n",
      "        -> Filter: (total_spent > 0)  (actual time=8.708..38.903 rows=831 loops=1)\n",
      "            -> Stream results  (cost=25842.42 rows=3000) (actual time=8.704..38.788 rows=869 loops=1)\n",
      "                -> Group aggregate: count(distinct wv.id), count(distinct p.id), sum(p.price)  (cost=25842.42 rows=3000) (actual time=8.692..38.255 rows=869 loops=1)\n",
      "                    -> Nested loop left join  (cost=21072.19 rows=47702) (actual time=8.538..34.963 rows=14821 loops=1)\n",
      "                        -> Nested loop left join  (cost=4376.37 rows=15106) (actual time=8.511..17.851 rows=4790 loops=1)\n",
      "                            -> Filter: <in_optimizer>(ci.id,ci.id in (select #2))  (cost=304.50 rows=3000) (actual time=8.481..12.508 rows=869 loops=1)\n",
      "                                -> Index scan on ci using PRIMARY  (cost=304.50 rows=3000) (actual time=0.104..1.191 rows=3000 loops=1)\n",
      "                                -> Select #2 (subquery in condition; run only once)\n",
      "                                    -> Filter: ((ci.id = `<materialized_subquery>`.cnt))  (cost=1102.65..1102.65 rows=1) (actual time=0.004..0.004 rows=0 loops=3001)\n",
      "                                        -> Limit: 1 row(s)  (cost=1102.55..1102.55 rows=1) (actual time=0.003..0.003 rows=0 loops=3001)\n",
      "                                            -> Index lookup on <materialized_subquery> using <auto_distinct_key> (cnt=ci.id)  (actual time=0.003..0.003 rows=0 loops=3001)\n",
      "                                                -> Materialize with deduplication  (cost=1102.55..1102.55 rows=993) (actual time=8.351..8.351 rows=869 loops=1)\n",
      "                                                    -> Filter: (count(0) > 2)  (cost=1003.25 rows=993) (actual time=0.187..7.989 rows=869 loops=1)\n",
      "                                                        -> Group aggregate: count(0)  (cost=1003.25 rows=993) (actual time=0.186..7.878 rows=993 loops=1)\n",
      "                                                            -> Covering index scan on website_visits using idx_cl_id_w  (cost=503.25 rows=5000) (actual time=0.181..7.282 rows=5000 loops=1)\n",
      "                            -> Covering index lookup on wv using idx_cl_id_w (client_id=ci.id)  (cost=0.85 rows=5) (actual time=0.005..0.006 rows=6 loops=869)\n",
      "                        -> Index lookup on p using idx_cl_id_p (client_id=ci.id)  (cost=0.79 rows=3) (actual time=0.003..0.003 rows=3 loops=4790)\n",
      "\n"
     ]
    },
    {
     "name": "stderr",
     "output_type": "stream",
     "text": [
      "/Users/denis/opt/anaconda3/lib/python3.9/site-packages/pandas/io/sql.py:761: UserWarning: pandas only support SQLAlchemy connectable(engine/connection) ordatabase string URI or sqlite3 DBAPI2 connectionother DBAPI2 objects are not tested, please consider using SQLAlchemy\n",
      "  warnings.warn(\n"
     ]
    }
   ],
   "source": [
    "query = f'''\n",
    "EXPLAIN ANALYZE \n",
    "SELECT\n",
    "  ci.first_name,\n",
    "  ci.last_name,\n",
    "  ci.email,\n",
    "  COUNT(DISTINCT wv.id) AS total_visits,\n",
    "  COUNT(DISTINCT p.id) AS total_purchases,\n",
    "  SUM(p.price) AS total_spent\n",
    "FROM\n",
    "  contact_info AS ci\n",
    "  LEFT JOIN website_visits AS wv ON ci.id = wv.client_id\n",
    "  LEFT JOIN purchases AS p ON ci.id = p.client_id\n",
    "WHERE\n",
    "  ci.id IN (\n",
    "      SELECT client_id as cnt FROM website_visits group by client_id having count(*) > 2\n",
    "    ) \n",
    "GROUP BY\n",
    "  ci.id\n",
    "  having total_spent > 0\n",
    "ORDER BY\n",
    "  total_spent DESC\n",
    "  limit 10;\n",
    "\n",
    "        '''\n",
    "df = pd.read_sql_query(query, cnx)\n",
    "for i in df['EXPLAIN']:\n",
    "    print(i)"
   ]
  }
 ],
 "metadata": {
  "kernelspec": {
   "display_name": "Python 3 (ipykernel)",
   "language": "python",
   "name": "python3"
  },
  "language_info": {
   "codemirror_mode": {
    "name": "ipython",
    "version": 3
   },
   "file_extension": ".py",
   "mimetype": "text/x-python",
   "name": "python",
   "nbconvert_exporter": "python",
   "pygments_lexer": "ipython3",
   "version": "3.9.12"
  }
 },
 "nbformat": 4,
 "nbformat_minor": 5
}
